components/forms/OutfitForm.tsx(19,88): error TS2304: Cannot find name 'OutfitFormData'.
components/forms/OutfitForm.tsx(64,35): error TS2304: Cannot find name 'OutfitFormData'.
